# JRE version: OpenJDK Runtime Environment Temurin-21.0.9+10 (21.0.9+10) (build 21.0.9+10-LTS)
# Java VM: OpenJDK 64-Bit Server VM Temurin-21.0.9+10 (21.0.9+10-LTS, mixed mode, sharing, tiered, compressed oops, compressed class ptrs, parallel gc, windows-amd64)
GC Precious Log:
 CardTable entry size: 512
 CPUs: 16 total, 16 available
 Memory: 10085M
 Large Page Support: Disabled
 NUMA Support: Disabled
 Compressed Oops: Enabled (32-bit)
 Alignments: Space 512K, Generation 512K, Heap 2M
 Heap Min Capacity: 100M
 Heap Initial Capacity: 100M
 Heap Max Capacity: 2G
 Pre-touch: Disabled
 Parallel Workers: 13
Heap:
 PSYoungGen      total 6144K, used 3635K [0x00000000d5580000, 0x00000000d5d00000, 0x0000000100000000)
  eden space 5632K, 55% used [0x00000000d5580000,0x00000000d588cf08,0x00000000d5b00000)
  from space 512K, 100% used [0x00000000d5b80000,0x00000000d5c00000,0x00000000d5c00000)
  to   space 1024K, 0% used [0x00000000d5c00000,0x00000000d5c00000,0x00000000d5d00000)
 ParOldGen       total 1249792K, used 267650K [0x0000000080000000, 0x00000000cc480000, 0x00000000d5580000)
  object space 1249792K, 21% used [0x0000000080000000,0x0000000090560830,0x00000000cc480000)
 Metaspace       used 96931K, committed 98752K, reserved 1179648K
  class space    used 9605K, committed 10432K, reserved 1048576K
GC Heap History (20 events):
Event: 1213391.756 GC heap before
{Heap before GC invocations=4876 (full 7):
 PSYoungGen      total 7680K, used 7648K [0x00000000d5580000, 0x00000000d5f00000, 0x0000000100000000)
  eden space 6656K, 100% used [0x00000000d5580000,0x00000000d5c00000,0x00000000d5c00000)
  from space 1024K, 96% used [0x00000000d5c00000,0x00000000d5cf8000,0x00000000d5d00000)
  to   space 1536K, 0% used [0x00000000d5d80000,0x00000000d5d80000,0x00000000d5f00000)
 ParOldGen       total 1249792K, used 260126K [0x0000000080000000, 0x00000000cc480000, 0x00000000d5580000)
  object space 1249792K, 20% used [0x0000000080000000,0x000000008fe07b98,0x00000000cc480000)
 Metaspace       used 96899K, committed 98688K, reserved 1179648K
  class space    used 9603K, committed 10432K, reserved 1048576K
}
Event: 1213391.780 GC heap after
{Heap after GC invocations=4876 (full 7):
 PSYoungGen      total 8192K, used 1232K [0x00000000d5580000, 0x00000000d5f00000, 0x0000000100000000)
  eden space 6656K, 0% used [0x00000000d5580000,0x00000000d5580000,0x00000000d5c00000)
  from space 1536K, 80% used [0x00000000d5d80000,0x00000000d5eb4010,0x00000000d5f00000)
  to   space 1536K, 0% used [0x00000000d5c00000,0x00000000d5c00000,0x00000000d5d80000)
 ParOldGen       total 1249792K, used 260646K [0x0000000080000000, 0x00000000cc480000, 0x00000000d5580000)
  object space 1249792K, 20% used [0x0000000080000000,0x000000008fe89b98,0x00000000cc480000)
 Metaspace       used 96899K, committed 98688K, reserved 1179648K
  class space    used 9603K, committed 10432K, reserved 1048576K
}
Event: 1213393.592 GC heap before
{Heap before GC invocations=4877 (full 7):
 PSYoungGen      total 8192K, used 7882K [0x00000000d5580000, 0x00000000d5f00000, 0x0000000100000000)
  eden space 6656K, 99% used [0x00000000d5580000,0x00000000d5bfeb00,0x00000000d5c00000)
  from space 1536K, 80% used [0x00000000d5d80000,0x00000000d5eb4010,0x00000000d5f00000)
  to   space 1536K, 0% used [0x00000000d5c00000,0x00000000d5c00000,0x00000000d5d80000)
 ParOldGen       total 1249792K, used 260646K [0x0000000080000000, 0x00000000cc480000, 0x00000000d5580000)
  object space 1249792K, 20% used [0x0000000080000000,0x000000008fe89b98,0x00000000cc480000)
 Metaspace       used 96906K, committed 98688K, reserved 1179648K
  class space    used 9605K, committed 10432K, reserved 1048576K
}
Event: 1213393.605 GC heap after
{Heap after GC invocations=4877 (full 7):
 PSYoungGen      total 7168K, used 384K [0x00000000d5580000, 0x00000000d5e00000, 0x0000000100000000)
  eden space 6656K, 0% used [0x00000000d5580000,0x00000000d5580000,0x00000000d5c00000)
  from space 512K, 75% used [0x00000000d5c00000,0x00000000d5c60000,0x00000000d5c80000)
  to   space 1024K, 0% used [0x00000000d5d00000,0x00000000d5d00000,0x00000000d5e00000)
 ParOldGen       total 1249792K, used 264210K [0x0000000080000000, 0x00000000cc480000, 0x00000000d5580000)
  object space 1249792K, 21% used [0x0000000080000000,0x0000000090204938,0x00000000cc480000)
 Metaspace       used 96906K, committed 98688K, reserved 1179648K
  class space    used 9605K, committed 10432K, reserved 1048576K
}
Event: 1213394.494 GC heap before
{Heap before GC invocations=4878 (full 7):
 PSYoungGen      total 7168K, used 6801K [0x00000000d5580000, 0x00000000d5e00000, 0x0000000100000000)
  eden space 6656K, 96% used [0x00000000d5580000,0x00000000d5bc47c8,0x00000000d5c00000)
  from space 512K, 75% used [0x00000000d5c00000,0x00000000d5c60000,0x00000000d5c80000)
  to   space 1024K, 0% used [0x00000000d5d00000,0x00000000d5d00000,0x00000000d5e00000)
 ParOldGen       total 1249792K, used 264210K [0x0000000080000000, 0x00000000cc480000, 0x00000000d5580000)
  object space 1249792K, 21% used [0x0000000080000000,0x0000000090204938,0x00000000cc480000)
 Metaspace       used 96930K, committed 98752K, reserved 1179648K
  class space    used 9605K, committed 10432K, reserved 1048576K
}
Event: 1213394.496 GC heap after
{Heap after GC invocations=4878 (full 7):
 PSYoungGen      total 7168K, used 1024K [0x00000000d5580000, 0x00000000d5f00000, 0x0000000100000000)
  eden space 6144K, 0% used [0x00000000d5580000,0x00000000d5580000,0x00000000d5b80000)
  from space 1024K, 100% used [0x00000000d5d00000,0x00000000d5e00000,0x00000000d5e00000)
  to   space 1536K, 0% used [0x00000000d5b80000,0x00000000d5b80000,0x00000000d5d00000)
 ParOldGen       total 1249792K, used 264298K [0x0000000080000000, 0x00000000cc480000, 0x00000000d5580000)
  object space 1249792K, 21% used [0x0000000080000000,0x000000009021a938,0x00000000cc480000)
 Metaspace       used 96930K, committed 98752K, reserved 1179648K
  class space    used 9605K, committed 10432K, reserved 1048576K
}
Event: 1213394.814 GC heap before
{Heap before GC invocations=4879 (full 7):
 PSYoungGen      total 7168K, used 7168K [0x00000000d5580000, 0x00000000d5f00000, 0x0000000100000000)
  eden space 6144K, 100% used [0x00000000d5580000,0x00000000d5b80000,0x00000000d5b80000)
  from space 1024K, 100% used [0x00000000d5d00000,0x00000000d5e00000,0x00000000d5e00000)
  to   space 1536K, 0% used [0x00000000d5b80000,0x00000000d5b80000,0x00000000d5d00000)
 ParOldGen       total 1249792K, used 264298K [0x0000000080000000, 0x00000000cc480000, 0x00000000d5580000)
  object space 1249792K, 21% used [0x0000000080000000,0x000000009021a938,0x00000000cc480000)
 Metaspace       used 96930K, committed 98752K, reserved 1179648K
  class space    used 9605K, committed 10432K, reserved 1048576K
}
Event: 1213394.819 GC heap after
{Heap after GC invocations=4879 (full 7):
 PSYoungGen      total 7168K, used 522K [0x00000000d5580000, 0x00000000d5d80000, 0x0000000100000000)
  eden space 6144K, 0% used [0x00000000d5580000,0x00000000d5580000,0x00000000d5b80000)
  from space 1024K, 50% used [0x00000000d5b80000,0x00000000d5c02878,0x00000000d5c80000)
  to   space 1024K, 0% used [0x00000000d5c80000,0x00000000d5c80000,0x00000000d5d80000)
 ParOldGen       total 1249792K, used 265258K [0x0000000080000000, 0x00000000cc480000, 0x00000000d5580000)
  object space 1249792K, 21% used [0x0000000080000000,0x000000009030ab58,0x00000000cc480000)
 Metaspace       used 96930K, committed 98752K, reserved 1179648K
  class space    used 9605K, committed 10432K, reserved 1048576K
}
Event: 1213395.217 GC heap before
{Heap before GC invocations=4880 (full 7):
 PSYoungGen      total 7168K, used 6666K [0x00000000d5580000, 0x00000000d5d80000, 0x0000000100000000)
  eden space 6144K, 100% used [0x00000000d5580000,0x00000000d5b80000,0x00000000d5b80000)
  from space 1024K, 50% used [0x00000000d5b80000,0x00000000d5c02878,0x00000000d5c80000)
  to   space 1024K, 0% used [0x00000000d5c80000,0x00000000d5c80000,0x00000000d5d80000)
 ParOldGen       total 1249792K, used 265258K [0x0000000080000000, 0x00000000cc480000, 0x00000000d5580000)
  object space 1249792K, 21% used [0x0000000080000000,0x000000009030ab58,0x00000000cc480000)
 Metaspace       used 96930K, committed 98752K, reserved 1179648K
  class space    used 9605K, committed 10432K, reserved 1048576K
}
Event: 1213395.220 GC heap after
{Heap after GC invocations=4880 (full 7):
 PSYoungGen      total 6656K, used 1008K [0x00000000d5580000, 0x00000000d5e80000, 0x0000000100000000)
  eden space 5632K, 0% used [0x00000000d5580000,0x00000000d5580000,0x00000000d5b00000)
  from space 1024K, 98% used [0x00000000d5c80000,0x00000000d5d7c010,0x00000000d5d80000)
  to   space 1536K, 0% used [0x00000000d5b00000,0x00000000d5b00000,0x00000000d5c80000)
 ParOldGen       total 1249792K, used 265567K [0x0000000080000000, 0x00000000cc480000, 0x00000000d5580000)
  object space 1249792K, 21% used [0x0000000080000000,0x0000000090357cd0,0x00000000cc480000)
 Metaspace       used 96930K, committed 98752K, reserved 1179648K
  class space    used 9605K, committed 10432K, reserved 1048576K
}
Event: 1213396.688 GC heap before
{Heap before GC invocations=4881 (full 7):
 PSYoungGen      total 6656K, used 6640K [0x00000000d5580000, 0x00000000d5e80000, 0x0000000100000000)
  eden space 5632K, 100% used [0x00000000d5580000,0x00000000d5b00000,0x00000000d5b00000)
  from space 1024K, 98% used [0x00000000d5c80000,0x00000000d5d7c010,0x00000000d5d80000)
  to   space 1536K, 0% used [0x00000000d5b00000,0x00000000d5b00000,0x00000000d5c80000)
 ParOldGen       total 1249792K, used 265567K [0x0000000080000000, 0x00000000cc480000, 0x00000000d5580000)
  object space 1249792K, 21% used [0x0000000080000000,0x0000000090357cd0,0x00000000cc480000)
 Metaspace       used 96931K, committed 98752K, reserved 1179648K
  class space    used 9605K, committed 10432K, reserved 1048576K
}
Event: 1213396.692 GC heap after
{Heap after GC invocations=4881 (full 7):
 PSYoungGen      total 6656K, used 768K [0x00000000d5580000, 0x00000000d5d00000, 0x0000000100000000)
  eden space 5632K, 0% used [0x00000000d5580000,0x00000000d5580000,0x00000000d5b00000)
  from space 1024K, 75% used [0x00000000d5b00000,0x00000000d5bc0000,0x00000000d5c00000)
  to   space 1024K, 0% used [0x00000000d5c00000,0x00000000d5c00000,0x00000000d5d00000)
 ParOldGen       total 1249792K, used 266469K [0x0000000080000000, 0x00000000cc480000, 0x00000000d5580000)
  object space 1249792K, 21% used [0x0000000080000000,0x00000000904395f0,0x00000000cc480000)
 Metaspace       used 96931K, committed 98752K, reserved 1179648K
  class space    used 9605K, committed 10432K, reserved 1048576K
}
Event: 1213397.308 GC heap before
{Heap before GC invocations=4882 (full 7):
 PSYoungGen      total 6656K, used 6400K [0x00000000d5580000, 0x00000000d5d00000, 0x0000000100000000)
  eden space 5632K, 100% used [0x00000000d5580000,0x00000000d5b00000,0x00000000d5b00000)
  from space 1024K, 75% used [0x00000000d5b00000,0x00000000d5bc0000,0x00000000d5c00000)
  to   space 1024K, 0% used [0x00000000d5c00000,0x00000000d5c00000,0x00000000d5d00000)
 ParOldGen       total 1249792K, used 266469K [0x0000000080000000, 0x00000000cc480000, 0x00000000d5580000)
  object space 1249792K, 21% used [0x0000000080000000,0x00000000904395f0,0x00000000cc480000)
 Metaspace       used 96931K, committed 98752K, reserved 1179648K
  class space    used 9605K, committed 10432K, reserved 1048576K
}
Event: 1213397.310 GC heap after
{Heap after GC invocations=4882 (full 7):
 PSYoungGen      total 6656K, used 720K [0x00000000d5580000, 0x00000000d5d00000, 0x0000000100000000)
  eden space 5632K, 0% used [0x00000000d5580000,0x00000000d5580000,0x00000000d5b00000)
  from space 1024K, 70% used [0x00000000d5c00000,0x00000000d5cb4010,0x00000000d5d00000)
  to   space 1024K, 0% used [0x00000000d5b00000,0x00000000d5b00000,0x00000000d5c00000)
 ParOldGen       total 1249792K, used 266613K [0x0000000080000000, 0x00000000cc480000, 0x00000000d5580000)
  object space 1249792K, 21% used [0x0000000080000000,0x000000009045d5f0,0x00000000cc480000)
 Metaspace       used 96931K, committed 98752K, reserved 1179648K
  class space    used 9605K, committed 10432K, reserved 1048576K
}
Event: 1213397.766 GC heap before
{Heap before GC invocations=4883 (full 7):
 PSYoungGen      total 6656K, used 6352K [0x00000000d5580000, 0x00000000d5d00000, 0x0000000100000000)
  eden space 5632K, 100% used [0x00000000d5580000,0x00000000d5b00000,0x00000000d5b00000)
  from space 1024K, 70% used [0x00000000d5c00000,0x00000000d5cb4010,0x00000000d5d00000)
  to   space 1024K, 0% used [0x00000000d5b00000,0x00000000d5b00000,0x00000000d5c00000)
 ParOldGen       total 1249792K, used 266613K [0x0000000080000000, 0x00000000cc480000, 0x00000000d5580000)
  object space 1249792K, 21% used [0x0000000080000000,0x000000009045d5f0,0x00000000cc480000)
 Metaspace       used 96931K, committed 98752K, reserved 1179648K
  class space    used 9605K, committed 10432K, reserved 1048576K
}
Event: 1213397.770 GC heap after
{Heap after GC invocations=4883 (full 7):
 PSYoungGen      total 6656K, used 448K [0x00000000d5580000, 0x00000000d5d00000, 0x0000000100000000)
  eden space 5632K, 0% used [0x00000000d5580000,0x00000000d5580000,0x00000000d5b00000)
  from space 1024K, 43% used [0x00000000d5b00000,0x00000000d5b70020,0x00000000d5c00000)
  to   space 1024K, 0% used [0x00000000d5c00000,0x00000000d5c00000,0x00000000d5d00000)
 ParOldGen       total 1249792K, used 267183K [0x0000000080000000, 0x00000000cc480000, 0x00000000d5580000)
  object space 1249792K, 21% used [0x0000000080000000,0x00000000904ebf00,0x00000000cc480000)
 Metaspace       used 96931K, committed 98752K, reserved 1179648K
  class space    used 9605K, committed 10432K, reserved 1048576K
}
Event: 1213397.905 GC heap before
{Heap before GC invocations=4884 (full 7):
 PSYoungGen      total 6656K, used 6079K [0x00000000d5580000, 0x00000000d5d00000, 0x0000000100000000)
  eden space 5632K, 99% used [0x00000000d5580000,0x00000000d5affdd8,0x00000000d5b00000)
  from space 1024K, 43% used [0x00000000d5b00000,0x00000000d5b70020,0x00000000d5c00000)
  to   space 1024K, 0% used [0x00000000d5c00000,0x00000000d5c00000,0x00000000d5d00000)
 ParOldGen       total 1249792K, used 267183K [0x0000000080000000, 0x00000000cc480000, 0x00000000d5580000)
  object space 1249792K, 21% used [0x0000000080000000,0x00000000904ebf00,0x00000000cc480000)
 Metaspace       used 96931K, committed 98752K, reserved 1179648K
  class space    used 9605K, committed 10432K, reserved 1048576K
}
Event: 1213397.907 GC heap after
{Heap after GC invocations=4884 (full 7):
 PSYoungGen      total 6144K, used 288K [0x00000000d5580000, 0x00000000d5c80000, 0x0000000100000000)
  eden space 5632K, 0% used [0x00000000d5580000,0x00000000d5580000,0x00000000d5b00000)
  from space 512K, 56% used [0x00000000d5c00000,0x00000000d5c48000,0x00000000d5c80000)
  to   space 512K, 0% used [0x00000000d5b80000,0x00000000d5b80000,0x00000000d5c00000)
 ParOldGen       total 1249792K, used 267359K [0x0000000080000000, 0x00000000cc480000, 0x00000000d5580000)
  object space 1249792K, 21% used [0x0000000080000000,0x0000000090517f20,0x00000000cc480000)
 Metaspace       used 96931K, committed 98752K, reserved 1179648K
  class space    used 9605K, committed 10432K, reserved 1048576K
}
Event: 1213398.302 GC heap before
{Heap before GC invocations=4885 (full 7):
 PSYoungGen      total 6144K, used 5920K [0x00000000d5580000, 0x00000000d5c80000, 0x0000000100000000)
  eden space 5632K, 100% used [0x00000000d5580000,0x00000000d5b00000,0x00000000d5b00000)
  from space 512K, 56% used [0x00000000d5c00000,0x00000000d5c48000,0x00000000d5c80000)
  to   space 512K, 0% used [0x00000000d5b80000,0x00000000d5b80000,0x00000000d5c00000)
 ParOldGen       total 1249792K, used 267359K [0x0000000080000000, 0x00000000cc480000, 0x00000000d5580000)
  object space 1249792K, 21% used [0x0000000080000000,0x0000000090517f20,0x00000000cc480000)
 Metaspace       used 96931K, committed 98752K, reserved 1179648K
  class space    used 9605K, committed 10432K, reserved 1048576K
}
Event: 1213398.324 GC heap after
{Heap after GC invocations=4885 (full 7):
 PSYoungGen      total 6144K, used 512K [0x00000000d5580000, 0x00000000d5d00000, 0x0000000100000000)
  eden space 5632K, 0% used [0x00000000d5580000,0x00000000d5580000,0x00000000d5b00000)
  from space 512K, 100% used [0x00000000d5b80000,0x00000000d5c00000,0x00000000d5c00000)
  to   space 1024K, 0% used [0x00000000d5c00000,0x00000000d5c00000,0x00000000d5d00000)
 ParOldGen       total 1249792K, used 267650K [0x0000000080000000, 0x00000000cc480000, 0x00000000d5580000)
  object space 1249792K, 21% used [0x0000000080000000,0x0000000090560830,0x00000000cc480000)
 Metaspace       used 96931K, committed 98752K, reserved 1179648K
  class space    used 9605K, committed 10432K, reserved 1048576K
}

